<?xml version="1.0" encoding="UTF-8"?>
<!-- Generated by org.testng.reporters.JUnitReportReporter -->
<testsuite hostname="DESKTOP-TKCBKNG" failures="0" tests="2" name="pomTests.BlogTC" time="11.571" errors="0" timestamp="23 Mar 2025 18:08:45 GMT" skipped="0">
  <testcase classname="pomTests.BlogTC" name="openBlogPage" time="0.742"/>
  <testcase classname="pomTests.BlogTC" name="LatestArticleSection" time="10.829"/>
</testsuite> <!-- pomTests.BlogTC -->
