<?xml version="1.0" encoding="UTF-8"?>
<!-- Generated by org.testng.reporters.JUnitReportReporter -->
<testsuite hostname="DESKTOP-TKCBKNG" failures="0" tests="5" name="pomTests.MegaMenumApplePageTC" time="25.012" errors="0" timestamp="15 Mar 2025 18:14:31 GMT" skipped="0">
  <testcase classname="pomTests.MegaMenumApplePageTC" name="openAppleProductPage" time="0.859"/>
  <testcase classname="pomTests.MegaMenumApplePageTC" name="InitialValidations" time="10.423"/>
  <testcase classname="pomTests.MegaMenumApplePageTC" name="FilterSectionPriceAndSearch" time="5.768"/>
  <testcase classname="pomTests.MegaMenumApplePageTC" name="FilterSectionAvailability" time="0.265"/>
  <testcase classname="pomTests.MegaMenumApplePageTC" name="ActionsItem" time="7.697"/>
</testsuite> <!-- pomTests.MegaMenumApplePageTC -->
