<?xml version="1.0" encoding="UTF-8"?>
<!-- Generated by org.testng.reporters.JUnitReportReporter -->
<testsuite hostname="DESKTOP-TKCBKNG" failures="0" tests="1" name="pomTests.HomePageTC" time="41.541" errors="0" timestamp="2025-04-25T16:01:48 IST" skipped="0">
  <testcase classname="pomTests.HomePageTC" name="TopCollectionSection" time="41.541"/>
  <system-out/>
</testsuite> <!-- pomTests.HomePageTC -->
