<?xml version="1.0" encoding="UTF-8"?>
<!-- Generated by org.testng.reporters.JUnitReportReporter -->
<testsuite hostname="DESKTOP-TKCBKNG" failures="0" tests="1" name="pomTests.MegaMenumApplePage" time="2.565" errors="0" timestamp="11 Mar 2025 18:26:05 GMT" skipped="0">
  <testcase classname="pomTests.MegaMenumApplePage" name="openAppleProductPage" time="2.565"/>
</testsuite> <!-- pomTests.MegaMenumApplePage -->
