<?xml version="1.0" encoding="UTF-8"?>
<!-- Generated by org.testng.reporters.JUnitReportReporter -->
<testsuite hostname="DESKTOP-TKCBKNG" failures="0" tests="3" name="pomTests.ModulesPageTC" time="40.591" errors="1" timestamp="04 Mar 2025 05:08:49 GMT" skipped="0">
  <testcase classname="pomTests.ModulesPageTC" name="openModulesPage" time="0.951"/>
  <testcase classname="pomTests.ModulesPageTC" name="productListing" time="4.019"/>
  <testcase classname="pomTests.ModulesPageTC" name="productOverviewPageActions" time="35.621">
    <error message="Error {
  message=&#039;Timeout 30000ms exceeded.
=========================== logs ===========================
waiting for locator(&quot;[data-id=\&quot;entry_216864\&quot; ]&quot;) to be visible
============================================================
  name=&#039;TimeoutError
  stack=&#039;TimeoutError: Timeout 30000ms exceeded.
=========================== logs ===========================
waiting for locator(&quot;[data-id=\&quot;entry_216864\&quot; ]&quot;) to be visible
============================================================
    at ProgressController.run (C:\Users\dasun\AppData\Local\Temp\playwright-java-13374453824220478548\package\lib\server\progress.js:88:26)
    at Frame.waitForSelector (C:\Users\dasun\AppData\Local\Temp\playwright-java-13374453824220478548\package\lib\server\frames.js:618:23)
    at FrameDispatcher.waitForSelector (C:\Users\dasun\AppData\Local\Temp\playwright-java-13374453824220478548\package\lib\server\dispatchers\frameDispatcher.js:103:103)
    at DispatcherConnection.dispatch (C:\Users\dasun\AppData\Local\Temp\playwright-java-13374453824220478548\package\lib\server\dispatchers\dispatcher.js:313:46)
}" type="com.microsoft.playwright.TimeoutError">
      <![CDATA[com.microsoft.playwright.TimeoutError: Error {
  message='Timeout 30000ms exceeded.
=========================== logs ===========================
waiting for locator("[data-id=\"entry_216864\" ]") to be visible
============================================================
  name='TimeoutError
  stack='TimeoutError: Timeout 30000ms exceeded.
=========================== logs ===========================
waiting for locator("[data-id=\"entry_216864\" ]") to be visible
============================================================
    at ProgressController.run (C:\Users\dasun\AppData\Local\Temp\playwright-java-13374453824220478548\package\lib\server\progress.js:88:26)
    at Frame.waitForSelector (C:\Users\dasun\AppData\Local\Temp\playwright-java-13374453824220478548\package\lib\server\frames.js:618:23)
    at FrameDispatcher.waitForSelector (C:\Users\dasun\AppData\Local\Temp\playwright-java-13374453824220478548\package\lib\server\dispatchers\frameDispatcher.js:103:103)
    at DispatcherConnection.dispatch (C:\Users\dasun\AppData\Local\Temp\playwright-java-13374453824220478548\package\lib\server\dispatchers\dispatcher.js:313:46)
}
at com.microsoft.playwright.impl.WaitableResult.get(WaitableResult.java:52)
at com.microsoft.playwright.impl.ChannelOwner.runUntil(ChannelOwner.java:111)
at com.microsoft.playwright.impl.Connection.sendMessage(Connection.java:126)
at com.microsoft.playwright.impl.ChannelOwner.sendMessage(ChannelOwner.java:102)
at com.microsoft.playwright.impl.FrameImpl.waitForSelectorImpl(FrameImpl.java:1064)
at com.microsoft.playwright.impl.LocatorImpl.lambda$waitForImpl$7(LocatorImpl.java:594)
at com.microsoft.playwright.impl.LoggingSupport.withLogging(LoggingSupport.java:47)
at com.microsoft.playwright.impl.ChannelOwner.withLogging(ChannelOwner.java:87)
at com.microsoft.playwright.impl.LocatorImpl.waitForImpl(LocatorImpl.java:594)
at com.microsoft.playwright.impl.LocatorImpl.waitFor(LocatorImpl.java:590)
at com.lt.pages.ProductOverviewPage.productOverviewPage1(ProductOverviewPage.java:157)
at pomTests.ModulesPageTC.productOverviewPageActions(ModulesPageTC.java:66)
at java.base/jdk.internal.reflect.DirectMethodHandleAccessor.invoke(DirectMethodHandleAccessor.java:103)
at java.base/java.lang.reflect.Method.invoke(Method.java:580)
at org.testng.internal.MethodInvocationHelper.invokeMethod(MethodInvocationHelper.java:124)
at org.testng.internal.Invoker.invokeMethod(Invoker.java:580)
at org.testng.internal.Invoker.invokeTestMethod(Invoker.java:716)
at org.testng.internal.Invoker.invokeTestMethods(Invoker.java:988)
at org.testng.internal.TestMethodWorker.invokeTestMethods(TestMethodWorker.java:125)
at org.testng.internal.TestMethodWorker.run(TestMethodWorker.java:109)
at org.testng.TestRunner.privateRun(TestRunner.java:648)
at org.testng.TestRunner.run(TestRunner.java:505)
at org.testng.SuiteRunner.runTest(SuiteRunner.java:455)
at org.testng.SuiteRunner.runSequentially(SuiteRunner.java:450)
at org.testng.SuiteRunner.privateRun(SuiteRunner.java:415)
at org.testng.SuiteRunner.run(SuiteRunner.java:364)
at org.testng.SuiteRunnerWorker.runSuite(SuiteRunnerWorker.java:52)
at org.testng.SuiteRunnerWorker.run(SuiteRunnerWorker.java:84)
at org.testng.TestNG.runSuitesSequentially(TestNG.java:1208)
at org.testng.TestNG.runSuitesLocally(TestNG.java:1137)
at org.testng.TestNG.runSuites(TestNG.java:1049)
at org.testng.TestNG.run(TestNG.java:1017)
at org.testng.remote.AbstractRemoteTestNG.run(AbstractRemoteTestNG.java:115)
at org.testng.remote.RemoteTestNG.initAndRun(RemoteTestNG.java:293)
at org.testng.remote.RemoteTestNG.main(RemoteTestNG.java:91)
Caused by: com.microsoft.playwright.TimeoutError: Error {
  message='Timeout 30000ms exceeded.
=========================== logs ===========================
waiting for locator("[data-id=\"entry_216864\" ]") to be visible
============================================================
  name='TimeoutError
  stack='TimeoutError: Timeout 30000ms exceeded.
=========================== logs ===========================
waiting for locator("[data-id=\"entry_216864\" ]") to be visible
============================================================
    at ProgressController.run (C:\Users\dasun\AppData\Local\Temp\playwright-java-13374453824220478548\package\lib\server\progress.js:88:26)
    at Frame.waitForSelector (C:\Users\dasun\AppData\Local\Temp\playwright-java-13374453824220478548\package\lib\server\frames.js:618:23)
    at FrameDispatcher.waitForSelector (C:\Users\dasun\AppData\Local\Temp\playwright-java-13374453824220478548\package\lib\server\dispatchers\frameDispatcher.js:103:103)
    at DispatcherConnection.dispatch (C:\Users\dasun\AppData\Local\Temp\playwright-java-13374453824220478548\package\lib\server\dispatchers\dispatcher.js:313:46)
}
at com.microsoft.playwright.impl.Connection.dispatch(Connection.java:224)
at com.microsoft.playwright.impl.Connection.processOneMessage(Connection.java:206)
at com.microsoft.playwright.impl.ChannelOwner.runUntil(ChannelOwner.java:109)
... 33 more
]]>
    </error>
  </testcase> <!-- productOverviewPageActions -->
</testsuite> <!-- pomTests.ModulesPageTC -->
