<?xml version="1.0" encoding="UTF-8"?>
<!-- Generated by org.testng.reporters.JUnitReportReporter -->
<testsuite hostname="DESKTOP-TKCBKNG" failures="0" tests="1" name="pomTests.HomePageTC" time="33.177" errors="1" timestamp="2025-04-20T00:00:40 IST" skipped="0">
  <testcase classname="pomTests.HomePageTC" name="TopTrendCategorySection" time="33.177">
    <error message="Error {
  message=&#039;Timeout 30000ms exceeded.
  name=&#039;TimeoutError
  stack=&#039;TimeoutError: Timeout 30000ms exceeded.
    at ProgressController.run (C:\Users\dasun\AppData\Local\Temp\playwright-java-16932977519341487049\package\lib\server\progress.js:87:26)
    at Frame.click (C:\Users\dasun\AppData\Local\Temp\playwright-java-16932977519341487049\package\lib\server\frames.js:995:23)
    at FrameDispatcher.click (C:\Users\dasun\AppData\Local\Temp\playwright-java-16932977519341487049\package\lib\server\dispatchers\frameDispatcher.js:152:30)
    at FrameDispatcher._handleCommand (C:\Users\dasun\AppData\Local\Temp\playwright-java-16932977519341487049\package\lib\server\dispatchers\dispatcher.js:84:40)
    at DispatcherConnection.dispatch (C:\Users\dasun\AppData\Local\Temp\playwright-java-16932977519341487049\package\lib\server\dispatchers\dispatcher.js:351:39)
}
Call log:
- waiting for locator(&quot;xpath=(//a[@class=&#039;swiper-button-next&#039;])[1]&quot;)
-   locator resolved to &lt;a tabindex=&quot;0&quot; role=&quot;button&quot; aria-disabled=&quot;false&quot;…&gt;…&lt;/a&gt;
- attempting click action
-   waiting for element to be visible, enabled and stable
-     element is not visible - waiting...
" type="com.microsoft.playwright.TimeoutError">
      <![CDATA[com.microsoft.playwright.TimeoutError: Error {
  message='Timeout 30000ms exceeded.
  name='TimeoutError
  stack='TimeoutError: Timeout 30000ms exceeded.
    at ProgressController.run (C:\Users\dasun\AppData\Local\Temp\playwright-java-16932977519341487049\package\lib\server\progress.js:87:26)
    at Frame.click (C:\Users\dasun\AppData\Local\Temp\playwright-java-16932977519341487049\package\lib\server\frames.js:995:23)
    at FrameDispatcher.click (C:\Users\dasun\AppData\Local\Temp\playwright-java-16932977519341487049\package\lib\server\dispatchers\frameDispatcher.js:152:30)
    at FrameDispatcher._handleCommand (C:\Users\dasun\AppData\Local\Temp\playwright-java-16932977519341487049\package\lib\server\dispatchers\dispatcher.js:84:40)
    at DispatcherConnection.dispatch (C:\Users\dasun\AppData\Local\Temp\playwright-java-16932977519341487049\package\lib\server\dispatchers\dispatcher.js:351:39)
}
Call log:
- waiting for locator("xpath=(//a[@class='swiper-button-next'])[1]")
-   locator resolved to <a tabindex="0" role="button" aria-disabled="false"…>…</a>
- attempting click action
-   waiting for element to be visible, enabled and stable
-     element is not visible - waiting...

at com.microsoft.playwright.impl.WaitableResult.get(WaitableResult.java:52)
at com.microsoft.playwright.impl.ChannelOwner.runUntil(ChannelOwner.java:120)
at com.microsoft.playwright.impl.Connection.sendMessage(Connection.java:129)
at com.microsoft.playwright.impl.ChannelOwner.sendMessage(ChannelOwner.java:106)
at com.microsoft.playwright.impl.FrameImpl.clickImpl(FrameImpl.java:252)
at com.microsoft.playwright.impl.FrameImpl.lambda$click$8(FrameImpl.java:243)
at com.microsoft.playwright.impl.LoggingSupport.lambda$withLogging$0(LoggingSupport.java:36)
at com.microsoft.playwright.impl.LoggingSupport.withLogging(LoggingSupport.java:47)
at com.microsoft.playwright.impl.ChannelOwner.withLogging(ChannelOwner.java:89)
at com.microsoft.playwright.impl.LoggingSupport.withLogging(LoggingSupport.java:35)
at com.microsoft.playwright.impl.FrameImpl.click(FrameImpl.java:243)
at com.microsoft.playwright.impl.LocatorImpl.click(LocatorImpl.java:140)
at com.microsoft.playwright.Locator.click(Locator.java:2348)
at com.lt.pages.HomePage.TopTrendCategory(HomePage.java:219)
at pomTests.HomePageTC.TopTrendCategorySection(HomePageTC.java:96)
at java.base/jdk.internal.reflect.DirectMethodHandleAccessor.invoke(DirectMethodHandleAccessor.java:103)
at java.base/java.lang.reflect.Method.invoke(Method.java:580)
at org.testng.internal.MethodInvocationHelper.invokeMethod(MethodInvocationHelper.java:133)
at org.testng.internal.TestInvoker.invokeMethod(TestInvoker.java:598)
at org.testng.internal.TestInvoker.invokeTestMethod(TestInvoker.java:173)
at org.testng.internal.MethodRunner.runInSequence(MethodRunner.java:46)
at org.testng.internal.TestInvoker$MethodInvocationAgent.invoke(TestInvoker.java:824)
at org.testng.internal.TestInvoker.invokeTestMethods(TestInvoker.java:146)
at org.testng.internal.TestMethodWorker.invokeTestMethods(TestMethodWorker.java:146)
at org.testng.internal.TestMethodWorker.run(TestMethodWorker.java:128)
at java.base/java.util.ArrayList.forEach(ArrayList.java:1597)
at org.testng.TestRunner.privateRun(TestRunner.java:794)
at org.testng.TestRunner.run(TestRunner.java:596)
at org.testng.SuiteRunner.runTest(SuiteRunner.java:377)
at org.testng.SuiteRunner.runSequentially(SuiteRunner.java:371)
at org.testng.SuiteRunner.privateRun(SuiteRunner.java:332)
at org.testng.SuiteRunner.run(SuiteRunner.java:276)
at org.testng.SuiteRunnerWorker.runSuite(SuiteRunnerWorker.java:53)
at org.testng.SuiteRunnerWorker.run(SuiteRunnerWorker.java:96)
at org.testng.TestNG.runSuitesSequentially(TestNG.java:1212)
at org.testng.TestNG.runSuitesLocally(TestNG.java:1134)
at org.testng.TestNG.runSuites(TestNG.java:1063)
at org.testng.TestNG.run(TestNG.java:1031)
at org.testng.remote.AbstractRemoteTestNG.run(AbstractRemoteTestNG.java:115)
at org.testng.remote.RemoteTestNG.initAndRun(RemoteTestNG.java:293)
at org.testng.remote.RemoteTestNG.main(RemoteTestNG.java:91)
Caused by: com.microsoft.playwright.TimeoutError: Error {
  message='Timeout 30000ms exceeded.
  name='TimeoutError
  stack='TimeoutError: Timeout 30000ms exceeded.
    at ProgressController.run (C:\Users\dasun\AppData\Local\Temp\playwright-java-16932977519341487049\package\lib\server\progress.js:87:26)
    at Frame.click (C:\Users\dasun\AppData\Local\Temp\playwright-java-16932977519341487049\package\lib\server\frames.js:995:23)
    at FrameDispatcher.click (C:\Users\dasun\AppData\Local\Temp\playwright-java-16932977519341487049\package\lib\server\dispatchers\frameDispatcher.js:152:30)
    at FrameDispatcher._handleCommand (C:\Users\dasun\AppData\Local\Temp\playwright-java-16932977519341487049\package\lib\server\dispatchers\dispatcher.js:84:40)
    at DispatcherConnection.dispatch (C:\Users\dasun\AppData\Local\Temp\playwright-java-16932977519341487049\package\lib\server\dispatchers\dispatcher.js:351:39)
}
Call log:
- waiting for locator("xpath=(//a[@class='swiper-button-next'])[1]")
-   locator resolved to <a tabindex="0" role="button" aria-disabled="false"…>…</a>
- attempting click action
-   waiting for element to be visible, enabled and stable
-     element is not visible - waiting...

at com.microsoft.playwright.impl.Connection.dispatch(Connection.java:252)
at com.microsoft.playwright.impl.Connection.processOneMessage(Connection.java:209)
at com.microsoft.playwright.impl.ChannelOwner.runUntil(ChannelOwner.java:118)
... 39 more
]]>
    </error>
  </testcase> <!-- TopTrendCategorySection -->
  <system-out/>
</testsuite> <!-- pomTests.HomePageTC -->
