<?xml version="1.0" encoding="UTF-8"?>
<!-- Generated by org.testng.reporters.JUnitReportReporter -->
<testsuite hostname="DESKTOP-TKCBKNG" failures="0" tests="1" name="pomTests.HomePageTC" time="2.927" errors="0" timestamp="2025-04-22T23:51:00 IST" skipped="0">
  <testcase classname="pomTests.HomePageTC" name="TopCollectionSection" time="2.927"/>
  <system-out/>
</testsuite> <!-- pomTests.HomePageTC -->
