<?xml version="1.0" encoding="UTF-8"?>
<!-- Generated by org.testng.reporters.JUnitReportReporter -->
<testsuite hostname="DESKTOP-TKCBKNG" failures="0" tests="1" name="pomTests.MegaMenumApplePageTC" time="32.765" errors="1" timestamp="21 Mar 2025 18:12:40 GMT" skipped="0">
  <testcase classname="pomTests.MegaMenumApplePageTC" name="DesktopPageLink" time="32.765">
    <error message="Error {
  message=&#039;Timeout 30000ms exceeded.
=========================== logs ===========================
waiting for locator(&quot;#entry_212443 &gt; div &gt; a:nth-child(1)&quot;)
============================================================
  name=&#039;TimeoutError
  stack=&#039;TimeoutError: Timeout 30000ms exceeded.
=========================== logs ===========================
waiting for locator(&quot;#entry_212443 &gt; div &gt; a:nth-child(1)&quot;)
============================================================
    at ProgressController.run (C:\Users\dasun\AppData\Local\Temp\playwright-java-10141346386913525094\package\lib\server\progress.js:88:26)
    at Frame.click (C:\Users\dasun\AppData\Local\Temp\playwright-java-10141346386913525094\package\lib\server\frames.js:994:23)
    at FrameDispatcher.click (C:\Users\dasun\AppData\Local\Temp\playwright-java-10141346386913525094\package\lib\server\dispatchers\frameDispatcher.js:154:30)
    at DispatcherConnection.dispatch (C:\Users\dasun\AppData\Local\Temp\playwright-java-10141346386913525094\package\lib\server\dispatchers\dispatcher.js:313:46)
}" type="com.microsoft.playwright.TimeoutError">
      <![CDATA[com.microsoft.playwright.TimeoutError: Error {
  message='Timeout 30000ms exceeded.
=========================== logs ===========================
waiting for locator("#entry_212443 > div > a:nth-child(1)")
============================================================
  name='TimeoutError
  stack='TimeoutError: Timeout 30000ms exceeded.
=========================== logs ===========================
waiting for locator("#entry_212443 > div > a:nth-child(1)")
============================================================
    at ProgressController.run (C:\Users\dasun\AppData\Local\Temp\playwright-java-10141346386913525094\package\lib\server\progress.js:88:26)
    at Frame.click (C:\Users\dasun\AppData\Local\Temp\playwright-java-10141346386913525094\package\lib\server\frames.js:994:23)
    at FrameDispatcher.click (C:\Users\dasun\AppData\Local\Temp\playwright-java-10141346386913525094\package\lib\server\dispatchers\frameDispatcher.js:154:30)
    at DispatcherConnection.dispatch (C:\Users\dasun\AppData\Local\Temp\playwright-java-10141346386913525094\package\lib\server\dispatchers\dispatcher.js:313:46)
}
at com.microsoft.playwright.impl.WaitableResult.get(WaitableResult.java:52)
at com.microsoft.playwright.impl.ChannelOwner.runUntil(ChannelOwner.java:111)
at com.microsoft.playwright.impl.Connection.sendMessage(Connection.java:126)
at com.microsoft.playwright.impl.ChannelOwner.sendMessage(ChannelOwner.java:102)
at com.microsoft.playwright.impl.FrameImpl.clickImpl(FrameImpl.java:252)
at com.microsoft.playwright.impl.FrameImpl.lambda$click$8(FrameImpl.java:243)
at com.microsoft.playwright.impl.LoggingSupport.lambda$withLogging$0(LoggingSupport.java:36)
at com.microsoft.playwright.impl.LoggingSupport.withLogging(LoggingSupport.java:47)
at com.microsoft.playwright.impl.ChannelOwner.withLogging(ChannelOwner.java:87)
at com.microsoft.playwright.impl.LoggingSupport.withLogging(LoggingSupport.java:35)
at com.microsoft.playwright.impl.FrameImpl.click(FrameImpl.java:243)
at com.microsoft.playwright.impl.LocatorImpl.click(LocatorImpl.java:140)
at com.microsoft.playwright.Locator.click(Locator.java:2341)
at com.lt.pages.MegaMenuPage.DesktopPage(MegaMenuPage.java:333)
at pomTests.MegaMenumApplePageTC.DesktopPageLink(MegaMenumApplePageTC.java:83)
at java.base/jdk.internal.reflect.DirectMethodHandleAccessor.invoke(DirectMethodHandleAccessor.java:103)
at java.base/java.lang.reflect.Method.invoke(Method.java:580)
at org.testng.internal.MethodInvocationHelper.invokeMethod(MethodInvocationHelper.java:124)
at org.testng.internal.Invoker.invokeMethod(Invoker.java:580)
at org.testng.internal.Invoker.invokeTestMethod(Invoker.java:716)
at org.testng.internal.Invoker.invokeTestMethods(Invoker.java:988)
at org.testng.internal.TestMethodWorker.invokeTestMethods(TestMethodWorker.java:125)
at org.testng.internal.TestMethodWorker.run(TestMethodWorker.java:109)
at org.testng.TestRunner.privateRun(TestRunner.java:648)
at org.testng.TestRunner.run(TestRunner.java:505)
at org.testng.SuiteRunner.runTest(SuiteRunner.java:455)
at org.testng.SuiteRunner.runSequentially(SuiteRunner.java:450)
at org.testng.SuiteRunner.privateRun(SuiteRunner.java:415)
at org.testng.SuiteRunner.run(SuiteRunner.java:364)
at org.testng.SuiteRunnerWorker.runSuite(SuiteRunnerWorker.java:52)
at org.testng.SuiteRunnerWorker.run(SuiteRunnerWorker.java:84)
at org.testng.TestNG.runSuitesSequentially(TestNG.java:1208)
at org.testng.TestNG.runSuitesLocally(TestNG.java:1137)
at org.testng.TestNG.runSuites(TestNG.java:1049)
at org.testng.TestNG.run(TestNG.java:1017)
at org.testng.remote.AbstractRemoteTestNG.run(AbstractRemoteTestNG.java:115)
at org.testng.remote.RemoteTestNG.initAndRun(RemoteTestNG.java:293)
at org.testng.remote.RemoteTestNG.main(RemoteTestNG.java:91)
Caused by: com.microsoft.playwright.TimeoutError: Error {
  message='Timeout 30000ms exceeded.
=========================== logs ===========================
waiting for locator("#entry_212443 > div > a:nth-child(1)")
============================================================
  name='TimeoutError
  stack='TimeoutError: Timeout 30000ms exceeded.
=========================== logs ===========================
waiting for locator("#entry_212443 > div > a:nth-child(1)")
============================================================
    at ProgressController.run (C:\Users\dasun\AppData\Local\Temp\playwright-java-10141346386913525094\package\lib\server\progress.js:88:26)
    at Frame.click (C:\Users\dasun\AppData\Local\Temp\playwright-java-10141346386913525094\package\lib\server\frames.js:994:23)
    at FrameDispatcher.click (C:\Users\dasun\AppData\Local\Temp\playwright-java-10141346386913525094\package\lib\server\dispatchers\frameDispatcher.js:154:30)
    at DispatcherConnection.dispatch (C:\Users\dasun\AppData\Local\Temp\playwright-java-10141346386913525094\package\lib\server\dispatchers\dispatcher.js:313:46)
}
at com.microsoft.playwright.impl.Connection.dispatch(Connection.java:224)
at com.microsoft.playwright.impl.Connection.processOneMessage(Connection.java:206)
at com.microsoft.playwright.impl.ChannelOwner.runUntil(ChannelOwner.java:109)
... 36 more
]]>
    </error>
  </testcase> <!-- DesktopPageLink -->
</testsuite> <!-- pomTests.MegaMenumApplePageTC -->
