<?xml version="1.0" encoding="UTF-8"?>
<!-- Generated by org.testng.reporters.JUnitReportReporter -->
<testsuite hostname="DESKTOP-TKCBKNG" failures="0" tests="1" name="pomTests.LoginUserTC" time="16.720" errors="0" timestamp="01 Mar 2025 12:46:36 GMT" skipped="0">
  <testcase classname="pomTests.LoginUserTC" name="registerUSer" time="16.720"/>
</testsuite> <!-- pomTests.LoginUserTC -->
