<?xml version="1.0" encoding="UTF-8"?>
<!-- Generated by org.testng.reporters.JUnitReportReporter -->
<testsuite hostname="DESKTOP-TKCBKNG" failures="0" tests="1" name="pomTests.HomePageTC" time="4.447" errors="0" timestamp="2025-04-17T17:40:13 IST" skipped="0">
  <testcase classname="pomTests.HomePageTC" name="TwoImages" time="4.447"/>
  <system-out/>
</testsuite> <!-- pomTests.HomePageTC -->
