<?xml version="1.0" encoding="UTF-8"?>
<!-- Generated by org.testng.reporters.JUnitReportReporter -->
<testsuite hostname="DESKTOP-TKCBKNG" failures="0" tests="3" name="pomTests.HomePageTC" time="25.174" errors="0" timestamp="2025-04-14T22:45:03 IST" skipped="0">
  <testcase classname="pomTests.HomePageTC" name="openHomePage" time="0.798"/>
  <system-out/>
  <testcase classname="pomTests.HomePageTC" name="SearchBarActions" time="12.780"/>
  <system-out/>
  <testcase classname="pomTests.HomePageTC" name="ProductCompare" time="11.596"/>
  <system-out/>
</testsuite> <!-- pomTests.HomePageTC -->
