<?xml version="1.0" encoding="UTF-8"?>
<!-- Generated by org.testng.reporters.JUnitReportReporter -->
<testsuite hostname="DESKTOP-TKCBKNG" failures="0" tests="1" name="pomTests.RegisterUserTC" time="26.319" errors="0" timestamp="01 Mar 2025 12:46:14 GMT" skipped="0">
  <testcase classname="pomTests.RegisterUserTC" name="registerUSer" time="26.319"/>
</testsuite> <!-- pomTests.RegisterUserTC -->
