<?xml version="1.0" encoding="UTF-8"?>
<!-- Generated by org.testng.reporters.JUnitReportReporter -->
<testsuite hostname="DESKTOP-TKCBKNG" failures="0" tests="8" name="pomTests.MegaMenumApplePageTC" time="34.274" errors="0" timestamp="2025-04-09T16:50:27 IST" skipped="0">
  <testcase classname="pomTests.MegaMenumApplePageTC" name="openAppleProductPage" time="1.123"/>
  <system-out/>
  <testcase classname="pomTests.MegaMenumApplePageTC" name="InitialValidations" time="11.211"/>
  <system-out/>
  <testcase classname="pomTests.MegaMenumApplePageTC" name="FilterSectionPriceAndSearch" time="5.925"/>
  <system-out/>
  <testcase classname="pomTests.MegaMenumApplePageTC" name="FilterSectionAvailability" time="0.312"/>
  <system-out/>
  <testcase classname="pomTests.MegaMenumApplePageTC" name="ActionsItem" time="7.973"/>
  <system-out/>
  <testcase classname="pomTests.MegaMenumApplePageTC" name="DesktopPageLink" time="0.987"/>
  <system-out/>
  <testcase classname="pomTests.MegaMenumApplePageTC" name="DesktopPagePClink" time="4.527"/>
  <system-out/>
  <testcase classname="pomTests.MegaMenumApplePageTC" name="DesktopPageMaclink" time="2.216"/>
  <system-out/>
</testsuite> <!-- pomTests.MegaMenumApplePageTC -->
